<?xml version="1.0" encoding="UTF-8"?>
<!-- Generated by org.testng.reporters.JUnitReportReporter -->
<testsuite skipped="0" hostname="DESKTOP-MD2112N" name="com.automation.APIautomationFramework.testcases.Stripe.CreateCustomerTest" tests="4" failures="0" timestamp="2021-11-03T16:41:15 AEDT" time="3.187" errors="0">
  <testcase name="CreateCustomerAPIValid" time="0.508" classname="com.automation.APIautomationFramework.testcases.Stripe.CreateCustomerTest"/>
  <system-out/>
  <testcase name="CreateCustomerAPIValid" time="0.508" classname="com.automation.APIautomationFramework.testcases.Stripe.CreateCustomerTest"/>
  <system-out/>
  <testcase name="CreateCustomerAPIInvalid" time="1.663" classname="com.automation.APIautomationFramework.testcases.Stripe.CreateCustomerTest"/>
  <system-out/>
  <testcase name="CreateCustomerAPIValid" time="0.508" classname="com.automation.APIautomationFramework.testcases.Stripe.CreateCustomerTest"/>
  <system-out/>
</testsuite> <!-- com.automation.APIautomationFramework.testcases.Stripe.CreateCustomerTest -->
