<?xml version="1.0" encoding="UTF-8"?>
<!-- Generated by org.testng.reporters.JUnitReportReporter -->
<testsuite skipped="2" hostname="DESKTOP-MD2112N" name="com.automation.APIautomationFramework.testcases.Stripe.CreateCustomerTest" tests="4" failures="0" timestamp="02 Nov 2021 22:57:44 GMT" time="2.885" errors="2">
  <testcase name="CreateCustomerAPIValid" time="1.436" classname="com.automation.APIautomationFramework.testcases.Stripe.CreateCustomerTest">
    <error type="java.lang.NullPointerException">
      <![CDATA[java.lang.NullPointerException
at com.automation.APIautomationFramework.utilities.TestUtil.getJsonKeyValue(TestUtil.java:19)
at com.automation.APIautomationFramework.testcases.Stripe.CreateCustomerTest.CreateCustomerAPIValid(CreateCustomerTest.java:61)
at sun.reflect.NativeMethodAccessorImpl.invoke0(Native Method)
at sun.reflect.NativeMethodAccessorImpl.invoke(NativeMethodAccessorImpl.java:62)
at sun.reflect.DelegatingMethodAccessorImpl.invoke(DelegatingMethodAccessorImpl.java:43)
at java.lang.reflect.Method.invoke(Method.java:498)
at org.testng.internal.MethodInvocationHelper.invokeMethod(MethodInvocationHelper.java:124)
at org.testng.internal.Invoker.invokeMethod(Invoker.java:583)
at org.testng.internal.Invoker.invokeTestMethod(Invoker.java:719)
at org.testng.internal.TestMethodWithDataProviderMethodWorker.call(TestMethodWithDataProviderMethodWorker.java:71)
at org.testng.internal.TestMethodWithDataProviderMethodWorker.call(TestMethodWithDataProviderMethodWorker.java:14)
at java.util.concurrent.FutureTask.run(FutureTask.java:266)
at java.util.concurrent.Executors$RunnableAdapter.call(Executors.java:511)
at java.util.concurrent.FutureTask.run(FutureTask.java:266)
at java.util.concurrent.ThreadPoolExecutor.runWorker(ThreadPoolExecutor.java:1149)
at java.util.concurrent.ThreadPoolExecutor$Worker.run(ThreadPoolExecutor.java:624)
at java.lang.Thread.run(Thread.java:748)
]]>
    </error>
  </testcase> <!-- CreateCustomerAPIValid -->
  <testcase name="CreateCustomerAPIValid" time="0.001" classname="com.automation.APIautomationFramework.testcases.Stripe.CreateCustomerTest">
    <skipped/>
  </testcase> <!-- CreateCustomerAPIValid -->
  <testcase name="CreateCustomerAPIValid" time="1.436" classname="com.automation.APIautomationFramework.testcases.Stripe.CreateCustomerTest">
    <error type="java.lang.NullPointerException">
      <![CDATA[java.lang.NullPointerException
at com.automation.APIautomationFramework.utilities.TestUtil.getJsonKeyValue(TestUtil.java:19)
at com.automation.APIautomationFramework.testcases.Stripe.CreateCustomerTest.CreateCustomerAPIValid(CreateCustomerTest.java:61)
at sun.reflect.NativeMethodAccessorImpl.invoke0(Native Method)
at sun.reflect.NativeMethodAccessorImpl.invoke(NativeMethodAccessorImpl.java:62)
at sun.reflect.DelegatingMethodAccessorImpl.invoke(DelegatingMethodAccessorImpl.java:43)
at java.lang.reflect.Method.invoke(Method.java:498)
at org.testng.internal.MethodInvocationHelper.invokeMethod(MethodInvocationHelper.java:124)
at org.testng.internal.Invoker.invokeMethod(Invoker.java:583)
at org.testng.internal.Invoker.invokeTestMethod(Invoker.java:719)
at org.testng.internal.TestMethodWithDataProviderMethodWorker.call(TestMethodWithDataProviderMethodWorker.java:71)
at org.testng.internal.TestMethodWithDataProviderMethodWorker.call(TestMethodWithDataProviderMethodWorker.java:14)
at java.util.concurrent.FutureTask.run(FutureTask.java:266)
at java.util.concurrent.Executors$RunnableAdapter.call(Executors.java:511)
at java.util.concurrent.FutureTask.run(FutureTask.java:266)
at java.util.concurrent.ThreadPoolExecutor.runWorker(ThreadPoolExecutor.java:1149)
at java.util.concurrent.ThreadPoolExecutor$Worker.run(ThreadPoolExecutor.java:624)
at java.lang.Thread.run(Thread.java:748)
]]>
    </error>
  </testcase> <!-- CreateCustomerAPIValid -->
  <testcase name="CreateCustomerAPIInvalid" time="0.012" classname="com.automation.APIautomationFramework.testcases.Stripe.CreateCustomerTest">
    <skipped/>
  </testcase> <!-- CreateCustomerAPIInvalid -->
</testsuite> <!-- com.automation.APIautomationFramework.testcases.Stripe.CreateCustomerTest -->
